INFO:     Will watch for changes in these directories: ['/Users/omdankhara5803/Desktop/Kafka-demo/Kayak/ai-recommendation']
INFO:     Uvicorn running on http://0.0.0.0:8005 (Press CTRL+C to quit)
INFO:     Started reloader process [28564] using WatchFiles
INFO:     Started server process [28592]
INFO:     Waiting for application startup.
INFO:     Application startup complete.
AI Recommendation Service started
INFO:     127.0.0.1:63324 - "GET /health HTTP/1.1" 200 OK
INFO:     127.0.0.1:63327 - "POST /chat/message HTTP/1.1" 200 OK
WARNING:  WatchFiles detected changes in 'app/services/nlu_parser.py'. Reloading...
INFO:     Shutting down
INFO:     Waiting for application shutdown.
INFO:     Application shutdown complete.
INFO:     Finished server process [28592]
AI Recommendation Service shutting down
INFO:     Started server process [28963]
INFO:     Waiting for application startup.
INFO:     Application startup complete.
AI Recommendation Service started
INFO:     127.0.0.1:63342 - "OPTIONS /chat/message HTTP/1.1" 200 OK
INFO:     127.0.0.1:63342 - "POST /chat/message HTTP/1.1" 200 OK
INFO:     127.0.0.1:63344 - "POST /chat/message HTTP/1.1" 200 OK
INFO:     127.0.0.1:63344 - "POST /chat/message HTTP/1.1" 200 OK
INFO:     127.0.0.1:63350 - "POST /chat/message HTTP/1.1" 200 OK
WARNING:  WatchFiles detected changes in 'app/services/chat_context.py'. Reloading...
INFO:     Shutting down
INFO:     Waiting for application shutdown.
INFO:     Application shutdown complete.
INFO:     Finished server process [28963]
AI Recommendation Service shutting down
WARNING:  WatchFiles detected changes in 'app/services/chat_context.py'. Reloading...
INFO:     Started server process [30394]
INFO:     Waiting for application startup.
INFO:     Application startup complete.
WARNING:  WatchFiles detected changes in 'app/services/nlu_parser.py'. Reloading...
INFO:     Shutting down
INFO:     Waiting for application shutdown.
INFO:     Application shutdown complete.
INFO:     Finished server process [30394]
AI Recommendation Service started
AI Recommendation Service shutting down
INFO:     Started server process [30504]
INFO:     Waiting for application startup.
INFO:     Application startup complete.
WARNING:  WatchFiles detected changes in 'app/services/nlu_parser.py'. Reloading...
INFO:     Shutting down
INFO:     Waiting for application shutdown.
INFO:     Application shutdown complete.
INFO:     Finished server process [30504]
AI Recommendation Service started
AI Recommendation Service shutting down
INFO:     Started server process [30609]
INFO:     Waiting for application startup.
INFO:     Application startup complete.
WARNING:  WatchFiles detected changes in 'app/services/nlu_parser.py'. Reloading...
INFO:     Shutting down
INFO:     Waiting for application shutdown.
INFO:     Application shutdown complete.
INFO:     Finished server process [30609]
AI Recommendation Service started
AI Recommendation Service shutting down
WARNING:  WatchFiles detected changes in 'app/api/chat.py'. Reloading...
INFO:     Started server process [30782]
INFO:     Waiting for application startup.
INFO:     Application startup complete.
WARNING:  WatchFiles detected changes in 'app/api/chat.py'. Reloading...
INFO:     Shutting down
INFO:     Waiting for application shutdown.
INFO:     Application shutdown complete.
INFO:     Finished server process [30782]
AI Recommendation Service started
AI Recommendation Service shutting down
WARNING:  WatchFiles detected changes in 'app/api/chat.py'. Reloading...
WARNING:  WatchFiles detected changes in 'app/api/chat.py'. Reloading...
INFO:     Started server process [30878]
INFO:     Waiting for application startup.
INFO:     Application startup complete.
WARNING:  WatchFiles detected changes in 'app/api/chat.py'. Reloading...
INFO:     Shutting down
INFO:     Waiting for application shutdown.
INFO:     Application shutdown complete.
INFO:     Finished server process [30878]
AI Recommendation Service started
AI Recommendation Service shutting down
INFO:     Started server process [30920]
INFO:     Waiting for application startup.
INFO:     Application startup complete.
WARNING:  WatchFiles detected changes in 'app/api/chat.py'. Reloading...
INFO:     Shutting down
INFO:     Waiting for application shutdown.
INFO:     Application shutdown complete.
INFO:     Finished server process [30920]
AI Recommendation Service started
AI Recommendation Service shutting down
WARNING:  WatchFiles detected changes in 'app/api/chat.py'. Reloading...
INFO:     Started server process [31004]
INFO:     Waiting for application startup.
INFO:     Application startup complete.
WARNING:  WatchFiles detected changes in 'app/api/chat.py'. Reloading...
INFO:     Shutting down
INFO:     Waiting for application shutdown.
INFO:     Application shutdown complete.
INFO:     Finished server process [31004]
AI Recommendation Service started
AI Recommendation Service shutting down
INFO:     Started server process [31079]
INFO:     Waiting for application startup.
INFO:     Application startup complete.
AI Recommendation Service started
INFO:     127.0.0.1:63480 - "POST /chat/message HTTP/1.1" 200 OK
INFO:     127.0.0.1:63484 - "POST /chat/message HTTP/1.1" 200 OK
WARNING:  WatchFiles detected changes in 'app/services/chat_context.py', 'app/services/nlu_parser.py', 'app/api/chat.py'. Reloading...
INFO:     Shutting down
INFO:     Waiting for application shutdown.
INFO:     Application shutdown complete.
INFO:     Finished server process [31079]
AI Recommendation Service shutting down
INFO:     Started server process [32211]
INFO:     Waiting for application startup.
INFO:     Application startup complete.
INFO:     ('127.0.0.1', 63679) - "WebSocket /chat/ws/1" [accepted]
INFO:     connection closed
INFO:     ('127.0.0.1', 63681) - "WebSocket /chat/ws/1" [accepted]
INFO:     connection open
INFO:     connection closed
INFO:     ('127.0.0.1', 63692) - "WebSocket /chat/ws/1" [accepted]
INFO:     connection open
AI Recommendation Service started
INFO:     127.0.0.1:63714 - "GET /health HTTP/1.1" 200 OK
INFO:     127.0.0.1:63721 - "POST /chat/message HTTP/1.1" 200 OK
WARNING:  WatchFiles detected changes in 'app/services/nlu_parser.py'. Reloading...
INFO:     Shutting down
INFO:     connection closed
INFO:     Waiting for application shutdown.
INFO:     Application shutdown complete.
INFO:     Finished server process [32211]
AI Recommendation Service shutting down
INFO:     Started server process [43402]
INFO:     Waiting for application startup.
INFO:     Application startup complete.
WARNING:  WatchFiles detected changes in 'app/api/chat.py'. Reloading...
INFO:     Shutting down
INFO:     Waiting for application shutdown.
INFO:     Application shutdown complete.
INFO:     Finished server process [43402]
AI Recommendation Service started
AI Recommendation Service shutting down
INFO:     Started server process [43492]
INFO:     Waiting for application startup.
INFO:     Application startup complete.
WARNING:  WatchFiles detected changes in 'app/services/nlu_parser.py', 'app/api/chat.py'. Reloading...
INFO:     Shutting down
INFO:     Waiting for application shutdown.
INFO:     Application shutdown complete.
INFO:     Finished server process [43492]
AI Recommendation Service started
AI Recommendation Service shutting down
INFO:     Started server process [43753]
INFO:     Waiting for application startup.
INFO:     Application startup complete.
INFO:     ('127.0.0.1', 63797) - "WebSocket /chat/ws/1" [accepted]
INFO:     connection closed
INFO:     ('127.0.0.1', 63799) - "WebSocket /chat/ws/1" [accepted]
INFO:     connection open
INFO:     connection closed
INFO:     ('127.0.0.1', 63803) - "WebSocket /chat/ws/1" [accepted]
INFO:     connection open
INFO:     connection closed
INFO:     ('127.0.0.1', 63808) - "WebSocket /chat/ws/1" [accepted]
INFO:     connection open
INFO:     connection closed
INFO:     ('127.0.0.1', 63853) - "WebSocket /chat/ws/1" [accepted]
INFO:     connection closed
INFO:     ('127.0.0.1', 63855) - "WebSocket /chat/ws/1" [accepted]
INFO:     connection closed
WARNING:  WatchFiles detected changes in 'app/api/chat.py'. Reloading...
INFO:     Shutting down
INFO:     Waiting for application shutdown.
INFO:     Application shutdown complete.
INFO:     Finished server process [43753]
AI Recommendation Service started
AI Recommendation Service shutting down
WARNING:  WatchFiles detected changes in 'app/schemas/chat_schemas.py'. Reloading...
INFO:     Started server process [46467]
INFO:     Waiting for application startup.
INFO:     Application startup complete.
WARNING:  WatchFiles detected changes in 'app/api/chat.py'. Reloading...
INFO:     Shutting down
INFO:     Waiting for application shutdown.
INFO:     Application shutdown complete.
INFO:     Finished server process [46467]
AI Recommendation Service started
AI Recommendation Service shutting down
INFO:     Started server process [46552]
INFO:     Waiting for application startup.
INFO:     Application startup complete.
WARNING:  WatchFiles detected changes in 'app/api/chat.py'. Reloading...
INFO:     Shutting down
INFO:     Waiting for application shutdown.
INFO:     Application shutdown complete.
INFO:     Finished server process [46552]
AI Recommendation Service started
AI Recommendation Service shutting down
WARNING:  WatchFiles detected changes in 'app/schemas/chat_schemas.py'. Reloading...
INFO:     Started server process [46706]
INFO:     Waiting for application startup.
INFO:     Application startup complete.
AI Recommendation Service started
INFO:     127.0.0.1:63902 - "POST /chat/message HTTP/1.1" 200 OK
WARNING:  WatchFiles detected changes in 'app/api/chat.py', 'app/schemas/chat_schemas.py'. Reloading...
INFO:     Shutting down
INFO:     Waiting for application shutdown.
INFO:     Application shutdown complete.
INFO:     Finished server process [46706]
AI Recommendation Service shutting down
INFO:     Started server process [46878]
INFO:     Waiting for application startup.
INFO:     Application startup complete.
INFO:     ('127.0.0.1', 63930) - "WebSocket /chat/ws/1" [accepted]
INFO:     connection open
INFO:     connection closed
INFO:     ('127.0.0.1', 63988) - "WebSocket /chat/ws/1" [accepted]
INFO:     connection open
INFO:     connection closed
